2023.07.04 21:53:01 INFO  Started: Metals version 0.11.12 in workspace 'C:\Users\Thamara Lakshan\Documents\scala lab 4' for client Visual Studio Code 1.79.2.
Jul 04, 2023 9:53:01 PM org.flywaydb.core.internal.license.VersionPrinter printVersionOnly
INFO: Flyway Community Edition 9.16.3 by Redgate
Jul 04, 2023 9:53:01 PM org.flywaydb.core.internal.license.VersionPrinter printVersion
INFO: See release notes here: https://rd.gt/416ObMi
Jul 04, 2023 9:53:01 PM org.flywaydb.core.internal.license.VersionPrinter printVersion
INFO: 
Jul 04, 2023 9:53:01 PM org.flywaydb.core.internal.database.base.BaseDatabaseType createDatabase
INFO: Database: jdbc:h2:file:C:\Users\Thamara Lakshan\Documents\scala lab 4\.metals\metals (H2 2.1)
Jul 04, 2023 9:53:01 PM org.flywaydb.core.internal.schemahistory.JdbcTableSchemaHistory allAppliedMigrations
INFO: Schema history table "PUBLIC"."flyway_schema_history" does not exist yet
Jul 04, 2023 9:53:01 PM org.flywaydb.core.internal.command.DbValidate validate
INFO: Successfully validated 4 migrations (execution time 00:00.016s)
Jul 04, 2023 9:53:01 PM org.flywaydb.core.internal.schemahistory.JdbcTableSchemaHistory create
INFO: Creating Schema History table "PUBLIC"."flyway_schema_history" ...
Jul 04, 2023 9:53:01 PM org.flywaydb.core.internal.command.DbMigrate migrateGroup
INFO: Current version of schema "PUBLIC": << Empty Schema >>
Jul 04, 2023 9:53:01 PM org.flywaydb.core.internal.command.DbMigrate doMigrateGroup
INFO: Migrating schema "PUBLIC" to version "1 - Create tables"
Jul 04, 2023 9:53:01 PM org.flywaydb.core.internal.command.DbMigrate doMigrateGroup
INFO: Migrating schema "PUBLIC" to version "2 - Server discovery"
Jul 04, 2023 9:53:01 PM org.flywaydb.core.internal.command.DbMigrate doMigrateGroup
INFO: Migrating schema "PUBLIC" to version "3 - Jar symbols"
Jul 04, 2023 9:53:01 PM org.flywaydb.core.internal.command.DbMigrate doMigrateGroup
INFO: Migrating schema "PUBLIC" to version "4 - Fingerprints"
Jul 04, 2023 9:53:01 PM org.flywaydb.core.internal.command.DbMigrate logSummary
INFO: Successfully applied 4 migrations to schema "PUBLIC", now at version v4 (execution time 00:00.061s)
2023.07.04 21:53:02 INFO  time: initialize in 0.65s
2023.07.04 21:53:04 WARN  Build server is not auto-connectable.
2023.07.04 21:53:04 WARN  no build tool detected in workspace 'C:\Users\Thamara Lakshan\Documents\scala lab 4'. The most common cause for this problem is that the editor was opened in the wrong working directory, for example if you use sbt then the workspace directory should contain build.sbt. 
2023.07.04 21:53:04 WARN  no build target for: C:\Users\Thamara Lakshan\Documents\scala lab 4\1.scala
2023.07.04 21:53:15 INFO  no build target found for C:\Users\Thamara Lakshan\Documents\scala lab 4\1.scala. Using presentation compiler with project's scala-library version: 3.2.2
2023.07.04 21:53:18 INFO  time: code lens generation in 12s
2023.07.04 21:54:41 WARN  no build target for: C:\Users\Thamara Lakshan\Documents\scala lab 4\1.scala
2023.07.04 21:54:42 WARN  no build target for: C:\Users\Thamara Lakshan\Documents\scala lab 4\1.scala
2023.07.04 21:54:42 WARN  no build target for: C:\Users\Thamara Lakshan\Documents\scala lab 4\1.scala
Exception in thread "pool-3-thread-1" java.lang.InterruptedException
	at scala.meta.internal.metals.FutureCancelToken.checkCanceled(FutureCancelToken.scala:29)
	at scala.meta.internal.pc.CompilerAccess.onCompilerJobQueue$$anonfun$1(CompilerAccess.scala:195)
	at scala.meta.internal.pc.CompilerJobQueue$Job.run(CompilerJobQueue.scala:152)
	at java.base/java.util.concurrent.ThreadPoolExecutor.runWorker(ThreadPoolExecutor.java:1136)
	at java.base/java.util.concurrent.ThreadPoolExecutor$Worker.run(ThreadPoolExecutor.java:635)
	at java.base/java.lang.Thread.run(Thread.java:833)
2023.07.04 21:55:00 WARN  no build target for: C:\Users\Thamara Lakshan\Documents\scala lab 4\1.scala
2023.07.04 21:55:00 WARN  no build target for: C:\Users\Thamara Lakshan\Documents\scala lab 4\1.scala
2023.07.04 21:55:01 WARN  no build target for: C:\Users\Thamara Lakshan\Documents\scala lab 4\1.scala
2023.07.04 21:55:02 WARN  no build target for: C:\Users\Thamara Lakshan\Documents\scala lab 4\1.scala
2023.07.04 21:55:02 WARN  no build target for: C:\Users\Thamara Lakshan\Documents\scala lab 4\1.scala
2023.07.04 21:55:03 WARN  no build target for: C:\Users\Thamara Lakshan\Documents\scala lab 4\1.scala
2023.07.04 21:55:04 WARN  no build target for: C:\Users\Thamara Lakshan\Documents\scala lab 4\1.scala
2023.07.04 21:55:04 WARN  no build target for: C:\Users\Thamara Lakshan\Documents\scala lab 4\1.scala
2023.07.04 21:55:05 WARN  no build target for: C:\Users\Thamara Lakshan\Documents\scala lab 4\1.scala
2023.07.04 22:11:00 WARN  no build target for: C:\Users\Thamara Lakshan\Documents\scala lab 4\2.scala
2023.07.04 22:11:04 WARN  no build target for: C:\Users\Thamara Lakshan\Documents\scala lab 4\2.scala
2023.07.04 22:11:04 WARN  no build target for: C:\Users\Thamara Lakshan\Documents\scala lab 4\2.scala
2023.07.04 22:11:04 WARN  no build target for: C:\Users\Thamara Lakshan\Documents\scala lab 4\2.scala
Jul 04, 2023 10:11:11 PM org.eclipse.lsp4j.jsonrpc.RemoteEndpoint handleCancellation
WARNING: Unmatched cancel notification for request id 108
2023.07.04 22:11:18 WARN  no build target for: C:\Users\Thamara Lakshan\Documents\scala lab 4\2.scala
2023.07.04 22:11:19 WARN  no build target for: C:\Users\Thamara Lakshan\Documents\scala lab 4\2.scala
2023.07.04 22:11:19 WARN  no build target for: C:\Users\Thamara Lakshan\Documents\scala lab 4\2.scala
2023.07.04 22:11:22 WARN  no build target for: C:\Users\Thamara Lakshan\Documents\scala lab 4\1.scala
2023.07.04 22:11:22 WARN  no build target for: C:\Users\Thamara Lakshan\Documents\scala lab 4\1.scala
2023.07.04 22:11:22 WARN  no build target for: C:\Users\Thamara Lakshan\Documents\scala lab 4\1.scala
2023.07.04 22:11:23 WARN  no build target for: C:\Users\Thamara Lakshan\Documents\scala lab 4\1.scala
2023.07.04 22:11:40 WARN  no build target for: C:\Users\Thamara Lakshan\Documents\scala lab 4\2.scala
2023.07.04 22:11:47 WARN  no build target for: C:\Users\Thamara Lakshan\Documents\scala lab 4\2.scala
2023.07.04 22:11:47 WARN  no build target for: C:\Users\Thamara Lakshan\Documents\scala lab 4\2.scala
2023.07.04 22:11:48 WARN  no build target for: C:\Users\Thamara Lakshan\Documents\scala lab 4\2.scala
2023.07.04 22:11:49 WARN  no build target for: C:\Users\Thamara Lakshan\Documents\scala lab 4\2.scala
2023.07.04 22:16:02 WARN  no build target for: C:\Users\Thamara Lakshan\Documents\scala lab 4\2.scala
2023.07.04 22:16:02 WARN  no build target for: C:\Users\Thamara Lakshan\Documents\scala lab 4\2.scala
2023.07.04 22:16:02 WARN  no build target for: C:\Users\Thamara Lakshan\Documents\scala lab 4\2.scala
2023.07.04 22:16:04 WARN  no build target for: C:\Users\Thamara Lakshan\Documents\scala lab 4\2.scala
2023.07.04 22:17:15 WARN  no build target for: C:\Users\Thamara Lakshan\Documents\scala lab 4\2.scala
2023.07.04 22:17:15 WARN  no build target for: C:\Users\Thamara Lakshan\Documents\scala lab 4\2.scala
2023.07.04 22:17:15 WARN  no build target for: C:\Users\Thamara Lakshan\Documents\scala lab 4\2.scala
2023.07.04 22:17:15 WARN  no build target for: C:\Users\Thamara Lakshan\Documents\scala lab 4\2.scala
2023.07.04 22:17:15 WARN  no build target for: C:\Users\Thamara Lakshan\Documents\scala lab 4\2.scala
2023.07.04 22:17:46 WARN  no build target for: C:\Users\Thamara Lakshan\Documents\scala lab 4\2.scala
2023.07.04 22:17:46 WARN  no build target for: C:\Users\Thamara Lakshan\Documents\scala lab 4\2.scala
2023.07.04 22:17:46 WARN  no build target for: C:\Users\Thamara Lakshan\Documents\scala lab 4\2.scala
2023.07.04 22:17:47 WARN  no build target for: C:\Users\Thamara Lakshan\Documents\scala lab 4\2.scala
2023.07.04 22:17:46 WARN  no build target for: C:\Users\Thamara Lakshan\Documents\scala lab 4\2.scala
2023.07.04 22:17:47 WARN  no build target for: C:\Users\Thamara Lakshan\Documents\scala lab 4\2.scala
2023.07.04 22:17:47 WARN  no build target for: C:\Users\Thamara Lakshan\Documents\scala lab 4\2.scala
2023.07.04 22:17:48 WARN  no build target for: C:\Users\Thamara Lakshan\Documents\scala lab 4\2.scala
2023.07.04 22:17:49 WARN  no build target for: C:\Users\Thamara Lakshan\Documents\scala lab 4\2.scala
2023.07.04 22:17:49 WARN  no build target for: C:\Users\Thamara Lakshan\Documents\scala lab 4\2.scala
2023.07.04 22:17:50 WARN  no build target for: C:\Users\Thamara Lakshan\Documents\scala lab 4\2.scala
2023.07.04 22:17:50 WARN  no build target for: C:\Users\Thamara Lakshan\Documents\scala lab 4\2.scala
2023.07.04 22:17:57 WARN  no build target for: C:\Users\Thamara Lakshan\Documents\scala lab 4\2.scala
Jul 04, 2023 10:18:04 PM org.eclipse.lsp4j.jsonrpc.RemoteEndpoint handleCancellation
WARNING: Unmatched cancel notification for request id 367
2023.07.04 22:18:12 WARN  no build target for: C:\Users\Thamara Lakshan\Documents\scala lab 4\2.scala
2023.07.04 22:18:12 WARN  no build target for: C:\Users\Thamara Lakshan\Documents\scala lab 4\2.scala
2023.07.04 22:18:12 WARN  no build target for: C:\Users\Thamara Lakshan\Documents\scala lab 4\2.scala
2023.07.04 22:18:14 WARN  no build target for: C:\Users\Thamara Lakshan\Documents\scala lab 4\2.scala
2023.07.04 22:18:14 WARN  no build target for: C:\Users\Thamara Lakshan\Documents\scala lab 4\2.scala
2023.07.04 22:18:14 WARN  no build target for: C:\Users\Thamara Lakshan\Documents\scala lab 4\2.scala
2023.07.04 22:18:15 WARN  no build target for: C:\Users\Thamara Lakshan\Documents\scala lab 4\2.scala
2023.07.04 22:18:58 WARN  no build target for: C:\Users\Thamara Lakshan\Documents\scala lab 4\2.scala
2023.07.04 22:18:58 WARN  no build target for: C:\Users\Thamara Lakshan\Documents\scala lab 4\2.scala
2023.07.04 22:19:00 WARN  no build target for: C:\Users\Thamara Lakshan\Documents\scala lab 4\2.scala
2023.07.04 22:19:04 WARN  no build target for: C:\Users\Thamara Lakshan\Documents\scala lab 4\3.scala
Jul 04, 2023 10:24:34 PM scala.meta.internal.pc.CompilerAccess handleError
SEVERE: Toplevel definition main is defined in
  C:/Users/Thamara Lakshan/Documents/scala lab 4/1.scala
and also in
  C:/Users/Thamara Lakshan/Documents/scala lab 4/2.scala
One of these files should be removed from the classpath.
dotty.tools.dotc.core.TypeError: Toplevel definition main is defined in
  C:/Users/Thamara Lakshan/Documents/scala lab 4/1.scala
and also in
  C:/Users/Thamara Lakshan/Documents/scala lab 4/2.scala
One of these files should be removed from the classpath.
	at dotty.tools.dotc.core.SymDenotations$PackageClassDenotation.dropStale$1(SymDenotations.scala:2447)
	at dotty.tools.dotc.core.SymDenotations$PackageClassDenotation.recur$5(SymDenotations.scala:2411)
	at dotty.tools.dotc.core.SymDenotations$PackageClassDenotation.computeMembersNamed(SymDenotations.scala:2467)
	at dotty.tools.dotc.core.SymDenotations$ClassDenotation.membersNamed(SymDenotations.scala:2023)
	at dotty.tools.dotc.core.SymDenotations$ClassDenotation.findMember(SymDenotations.scala:2074)
	at dotty.tools.dotc.core.Types$Type.go$1(Types.scala:686)
	at dotty.tools.dotc.core.Types$Type.goThis$1(Types.scala:811)
	at dotty.tools.dotc.core.Types$Type.go$1(Types.scala:703)
	at dotty.tools.dotc.core.Types$Type.findMember(Types.scala:879)
	at dotty.tools.dotc.core.Types$Type.memberBasedOnFlags(Types.scala:669)
	at dotty.tools.dotc.core.Types$Type.member(Types.scala:653)
	at dotty.tools.dotc.core.Types$Type.allMembers$$anonfun$1(Types.scala:1020)
	at scala.runtime.function.JProcedure2.apply(JProcedure2.java:15)
	at scala.runtime.function.JProcedure2.apply(JProcedure2.java:10)
	at dotty.tools.dotc.core.Types$Type.memberDenots$$anonfun$1(Types.scala:925)
	at scala.runtime.function.JProcedure1.apply(JProcedure1.java:15)
	at scala.runtime.function.JProcedure1.apply(JProcedure1.java:10)
	at scala.collection.immutable.BitmapIndexedSetNode.foreach(HashSet.scala:937)
	at scala.collection.immutable.HashSet.foreach(HashSet.scala:944)
	at dotty.tools.dotc.core.Types$Type.memberDenots(Types.scala:925)
	at dotty.tools.dotc.core.Types$Type.allMembers(Types.scala:1020)
	at scala.meta.internal.pc.IndexedContext$.accesibleMembers$1(IndexedContext.scala:149)
	at scala.meta.internal.pc.IndexedContext$.scala$meta$internal$pc$IndexedContext$$$extractNames(IndexedContext.scala:207)
	at scala.meta.internal.pc.IndexedContext$LazyWrapper.<init>(IndexedContext.scala:99)
	at scala.meta.internal.pc.IndexedContext$.apply(IndexedContext.scala:87)
	at scala.meta.internal.pc.IndexedContext$LazyWrapper.<init>(IndexedContext.scala:98)
	at scala.meta.internal.pc.IndexedContext$.apply(IndexedContext.scala:87)
	at scala.meta.internal.pc.IndexedContext$LazyWrapper.<init>(IndexedContext.scala:98)
	at scala.meta.internal.pc.IndexedContext$.apply(IndexedContext.scala:87)
	at scala.meta.internal.pc.IndexedContext$LazyWrapper.<init>(IndexedContext.scala:98)
	at scala.meta.internal.pc.IndexedContext$.apply(IndexedContext.scala:87)
	at scala.meta.internal.pc.IndexedContext$LazyWrapper.<init>(IndexedContext.scala:98)
	at scala.meta.internal.pc.IndexedContext$.apply(IndexedContext.scala:87)
	at scala.meta.internal.pc.IndexedContext$LazyWrapper.<init>(IndexedContext.scala:98)
	at scala.meta.internal.pc.IndexedContext$.apply(IndexedContext.scala:87)
	at scala.meta.internal.pc.PcDefinitionProvider.definitions(PcDefinitionProvider.scala:53)
	at scala.meta.internal.pc.PcDefinitionProvider.definitions(PcDefinitionProvider.scala:33)

Downloading https://repo1.maven.org/maven2/org/scalameta/scalafmt-core_2.13/3.7.3/scalafmt-core_2.13-3.7.3.pom
Downloaded https://repo1.maven.org/maven2/org/scalameta/scalafmt-core_2.13/3.7.3/scalafmt-core_2.13-3.7.3.pom
Downloading https://repo1.maven.org/maven2/org/scalameta/scalafmt-sysops_2.13/3.7.3/scalafmt-sysops_2.13-3.7.3.pom
Downloading https://repo1.maven.org/maven2/org/scalameta/scalafmt-config_2.13/3.7.3/scalafmt-config_2.13-3.7.3.pom
Downloading https://repo1.maven.org/maven2/org/scalameta/scalameta_2.13/4.7.6/scalameta_2.13-4.7.6.pom
Downloaded https://repo1.maven.org/maven2/org/scalameta/scalafmt-sysops_2.13/3.7.3/scalafmt-sysops_2.13-3.7.3.pom
Downloaded https://repo1.maven.org/maven2/org/scalameta/scalameta_2.13/4.7.6/scalameta_2.13-4.7.6.pom
Downloaded https://repo1.maven.org/maven2/org/scalameta/scalafmt-config_2.13/3.7.3/scalafmt-config_2.13-3.7.3.pom
Downloading https://repo1.maven.org/maven2/org/scalameta/parsers_2.13/4.7.6/parsers_2.13-4.7.6.pom
Downloaded https://repo1.maven.org/maven2/org/scalameta/parsers_2.13/4.7.6/parsers_2.13-4.7.6.pom
Downloading https://repo1.maven.org/maven2/org/scalameta/trees_2.13/4.7.6/trees_2.13-4.7.6.pom
Downloading https://repo1.maven.org/maven2/com/typesafe/config/1.4.1/config-1.4.1.pom
Downloaded https://repo1.maven.org/maven2/com/typesafe/config/1.4.1/config-1.4.1.pom
Downloaded https://repo1.maven.org/maven2/org/scalameta/trees_2.13/4.7.6/trees_2.13-4.7.6.pom
Downloading https://repo1.maven.org/maven2/org/scalameta/common_2.13/4.7.6/common_2.13-4.7.6.pom
Downloaded https://repo1.maven.org/maven2/org/scalameta/common_2.13/4.7.6/common_2.13-4.7.6.pom
Downloading https://repo1.maven.org/maven2/org/scalameta/scalafmt-config_2.13/3.7.3/scalafmt-config_2.13-3.7.3.jar
Downloading https://repo1.maven.org/maven2/org/scalameta/scalameta_2.13/4.7.6/scalameta_2.13-4.7.6.jar
Downloading https://repo1.maven.org/maven2/org/scalameta/trees_2.13/4.7.6/trees_2.13-4.7.6.jar
Downloading https://repo1.maven.org/maven2/org/scalameta/scalafmt-core_2.13/3.7.3/scalafmt-core_2.13-3.7.3.jar
Downloading https://repo1.maven.org/maven2/org/scalameta/parsers_2.13/4.7.6/parsers_2.13-4.7.6.jar
Downloading https://repo1.maven.org/maven2/org/scalameta/scalafmt-sysops_2.13/3.7.3/scalafmt-sysops_2.13-3.7.3.jar
Downloaded https://repo1.maven.org/maven2/org/scalameta/scalafmt-config_2.13/3.7.3/scalafmt-config_2.13-3.7.3.jar
Downloading https://repo1.maven.org/maven2/org/scalameta/common_2.13/4.7.6/common_2.13-4.7.6.jar
Downloaded https://repo1.maven.org/maven2/org/scalameta/scalafmt-sysops_2.13/3.7.3/scalafmt-sysops_2.13-3.7.3.jar
Downloading https://repo1.maven.org/maven2/com/typesafe/config/1.4.1/config-1.4.1.jar
Downloaded https://repo1.maven.org/maven2/com/typesafe/config/1.4.1/config-1.4.1.jar
Downloaded https://repo1.maven.org/maven2/org/scalameta/parsers_2.13/4.7.6/parsers_2.13-4.7.6.jar
Downloaded https://repo1.maven.org/maven2/org/scalameta/common_2.13/4.7.6/common_2.13-4.7.6.jar
Downloaded https://repo1.maven.org/maven2/org/scalameta/scalafmt-core_2.13/3.7.3/scalafmt-core_2.13-3.7.3.jar
Downloaded https://repo1.maven.org/maven2/org/scalameta/scalameta_2.13/4.7.6/scalameta_2.13-4.7.6.jar
Downloaded https://repo1.maven.org/maven2/org/scalameta/trees_2.13/4.7.6/trees_2.13-4.7.6.jar
2023.07.04 22:25:42 WARN  no build target for: C:\Users\Thamara Lakshan\Documents\scala lab 4\3.scala
2023.07.04 22:25:43 WARN  no build target for: C:\Users\Thamara Lakshan\Documents\scala lab 4\3.scala
2023.07.04 22:25:43 WARN  no build target for: C:\Users\Thamara Lakshan\Documents\scala lab 4\3.scala
2023.07.04 22:25:42 WARN  no build target for: C:\Users\Thamara Lakshan\Documents\scala lab 4\3.scala
2023.07.04 22:25:57 WARN  no build target for: C:\Users\Thamara Lakshan\Documents\scala lab 4\3.scala
2023.07.04 22:25:57 WARN  no build target for: C:\Users\Thamara Lakshan\Documents\scala lab 4\3.scala
2023.07.04 22:25:58 WARN  no build target for: C:\Users\Thamara Lakshan\Documents\scala lab 4\3.scala
2023.07.04 22:25:59 WARN  no build target for: C:\Users\Thamara Lakshan\Documents\scala lab 4\3.scala
2023.07.04 22:25:59 WARN  no build target for: C:\Users\Thamara Lakshan\Documents\scala lab 4\3.scala
2023.07.04 22:26:01 WARN  no build target for: C:\Users\Thamara Lakshan\Documents\scala lab 4\3.scala
2023.07.04 22:27:25 WARN  no build target for: C:\Users\Thamara Lakshan\Documents\scala lab 4\3.scala
2023.07.04 22:27:26 WARN  no build target for: C:\Users\Thamara Lakshan\Documents\scala lab 4\3.scala
2023.07.04 22:27:26 WARN  no build target for: C:\Users\Thamara Lakshan\Documents\scala lab 4\3.scala
2023.07.04 22:27:27 WARN  no build target for: C:\Users\Thamara Lakshan\Documents\scala lab 4\3.scala
2023.07.04 22:27:27 WARN  no build target for: C:\Users\Thamara Lakshan\Documents\scala lab 4\3.scala
2023.07.04 22:28:27 WARN  no build target for: C:\Users\Thamara Lakshan\Documents\scala lab 4\3.scala
2023.07.04 22:28:28 WARN  no build target for: C:\Users\Thamara Lakshan\Documents\scala lab 4\3.scala
2023.07.04 22:40:33 WARN  no build target for: C:\Users\Thamara Lakshan\Documents\scala lab 4\3.scala
2023.07.04 22:40:34 WARN  no build target for: C:\Users\Thamara Lakshan\Documents\scala lab 4\3.scala
2023.07.04 22:40:34 WARN  no build target for: C:\Users\Thamara Lakshan\Documents\scala lab 4\3.scala
2023.07.04 22:40:35 WARN  no build target for: C:\Users\Thamara Lakshan\Documents\scala lab 4\3.scala
2023.07.04 22:40:35 WARN  no build target for: C:\Users\Thamara Lakshan\Documents\scala lab 4\3.scala
2023.07.04 22:40:35 WARN  no build target for: C:\Users\Thamara Lakshan\Documents\scala lab 4\3.scala
2023.07.04 22:41:37 WARN  no build target for: C:\Users\Thamara Lakshan\Documents\scala lab 4\3.scala
2023.07.04 22:41:37 WARN  no build target for: C:\Users\Thamara Lakshan\Documents\scala lab 4\3.scala
2023.07.04 22:41:37 WARN  no build target for: C:\Users\Thamara Lakshan\Documents\scala lab 4\3.scala
2023.07.04 22:41:38 WARN  no build target for: C:\Users\Thamara Lakshan\Documents\scala lab 4\3.scala
2023.07.04 22:41:39 WARN  no build target for: C:\Users\Thamara Lakshan\Documents\scala lab 4\3.scala
2023.07.04 22:41:49 WARN  no build target for: C:\Users\Thamara Lakshan\Documents\scala lab 4\3.scala
2023.07.04 22:41:49 WARN  no build target for: C:\Users\Thamara Lakshan\Documents\scala lab 4\3.scala
2023.07.04 22:42:23 WARN  no build target for: C:\Users\Thamara Lakshan\Documents\scala lab 4\3.scala
2023.07.04 22:42:24 WARN  no build target for: C:\Users\Thamara Lakshan\Documents\scala lab 4\3.scala
2023.07.04 22:42:23 WARN  no build target for: C:\Users\Thamara Lakshan\Documents\scala lab 4\3.scala
2023.07.04 22:42:24 WARN  no build target for: C:\Users\Thamara Lakshan\Documents\scala lab 4\3.scala
2023.07.04 22:42:47 WARN  no build target for: C:\Users\Thamara Lakshan\Documents\scala lab 4\3.scala
2023.07.04 22:42:48 WARN  no build target for: C:\Users\Thamara Lakshan\Documents\scala lab 4\3.scala
2023.07.04 22:42:48 WARN  no build target for: C:\Users\Thamara Lakshan\Documents\scala lab 4\3.scala
2023.07.04 22:42:47 WARN  no build target for: C:\Users\Thamara Lakshan\Documents\scala lab 4\3.scala
2023.07.04 22:42:50 WARN  no build target for: C:\Users\Thamara Lakshan\Documents\scala lab 4\3.scala
2023.07.04 22:42:50 WARN  no build target for: C:\Users\Thamara Lakshan\Documents\scala lab 4\3.scala
2023.07.04 22:42:50 WARN  no build target for: C:\Users\Thamara Lakshan\Documents\scala lab 4\3.scala
2023.07.04 22:42:51 WARN  no build target for: C:\Users\Thamara Lakshan\Documents\scala lab 4\3.scala
2023.07.04 22:42:51 WARN  no build target for: C:\Users\Thamara Lakshan\Documents\scala lab 4\3.scala
2023.07.04 22:42:55 WARN  no build target for: C:\Users\Thamara Lakshan\Documents\scala lab 4\3.scala
2023.07.04 22:42:55 WARN  no build target for: C:\Users\Thamara Lakshan\Documents\scala lab 4\3.scala
2023.07.04 22:42:55 WARN  no build target for: C:\Users\Thamara Lakshan\Documents\scala lab 4\3.scala
2023.07.04 22:42:56 WARN  no build target for: C:\Users\Thamara Lakshan\Documents\scala lab 4\3.scala
2023.07.04 22:42:56 WARN  no build target for: C:\Users\Thamara Lakshan\Documents\scala lab 4\3.scala
2023.07.04 22:42:57 WARN  no build target for: C:\Users\Thamara Lakshan\Documents\scala lab 4\3.scala
2023.07.04 22:43:27 WARN  no build target for: C:\Users\Thamara Lakshan\Documents\scala lab 4\3.scala
2023.07.04 22:43:27 WARN  no build target for: C:\Users\Thamara Lakshan\Documents\scala lab 4\3.scala
2023.07.04 22:43:27 WARN  no build target for: C:\Users\Thamara Lakshan\Documents\scala lab 4\3.scala
2023.07.04 22:43:28 WARN  no build target for: C:\Users\Thamara Lakshan\Documents\scala lab 4\3.scala
2023.07.04 22:43:29 WARN  no build target for: C:\Users\Thamara Lakshan\Documents\scala lab 4\3.scala
2023.07.04 22:43:29 WARN  no build target for: C:\Users\Thamara Lakshan\Documents\scala lab 4\3.scala
2023.07.04 22:43:30 WARN  no build target for: C:\Users\Thamara Lakshan\Documents\scala lab 4\3.scala
2023.07.04 22:43:32 WARN  no build target for: C:\Users\Thamara Lakshan\Documents\scala lab 4\3.scala
2023.07.04 22:43:42 WARN  no build target for: C:\Users\Thamara Lakshan\Documents\scala lab 4\3.scala
2023.07.04 22:44:39 WARN  no build target for: C:\Users\Thamara Lakshan\Documents\scala lab 4\3.scala
2023.07.04 22:44:39 WARN  no build target for: C:\Users\Thamara Lakshan\Documents\scala lab 4\3.scala
2023.07.04 22:44:46 INFO  Shutting down server
2023.07.04 22:44:46 INFO  shutting down Metals
2023.07.04 22:44:46 INFO  Exiting server
2023.07.05 13:19:08 INFO  Started: Metals version 0.11.12 in workspace 'C:\Users\Thamara Lakshan\Documents\scala lab 4' for client Visual Studio Code 1.79.2.
Jul 05, 2023 1:19:08 PM org.flywaydb.core.internal.license.VersionPrinter printVersionOnly
INFO: Flyway Community Edition 9.16.3 by Redgate
Jul 05, 2023 1:19:08 PM org.flywaydb.core.internal.license.VersionPrinter printVersion
INFO: See release notes here: https://rd.gt/416ObMi
Jul 05, 2023 1:19:08 PM org.flywaydb.core.internal.license.VersionPrinter printVersion
INFO: 
Jul 05, 2023 1:19:08 PM org.flywaydb.core.internal.database.base.BaseDatabaseType createDatabase
INFO: Database: jdbc:h2:file:C:\Users\Thamara Lakshan\Documents\scala lab 4\.metals\metals (H2 2.1)
Jul 05, 2023 1:19:08 PM org.flywaydb.core.internal.command.DbValidate validate
INFO: Successfully validated 4 migrations (execution time 00:00.056s)
Jul 05, 2023 1:19:08 PM org.flywaydb.core.internal.command.DbMigrate migrateGroup
INFO: Current version of schema "PUBLIC": 4
Jul 05, 2023 1:19:08 PM org.flywaydb.core.internal.command.DbMigrate logSummary
INFO: Schema "PUBLIC" is up to date. No migration necessary.
2023.07.05 13:19:09 INFO  time: initialize in 0.95s
2023.07.05 13:19:12 WARN  Build server is not auto-connectable.
2023.07.05 13:19:12 WARN  no build tool detected in workspace 'C:\Users\Thamara Lakshan\Documents\scala lab 4'. The most common cause for this problem is that the editor was opened in the wrong working directory, for example if you use sbt then the workspace directory should contain build.sbt. 
2023.07.05 13:19:13 WARN  no build target for: C:\Users\Thamara Lakshan\Documents\scala lab 4\3.scala
2023.07.05 13:19:13 WARN  no build target for: C:\Users\Thamara Lakshan\Documents\scala lab 4\1.scala
2023.07.05 13:19:17 INFO  no build target found for C:\Users\Thamara Lakshan\Documents\scala lab 4\1.scala. Using presentation compiler with project's scala-library version: 3.2.2
2023.07.05 13:19:20 INFO  time: code lens generation in 2.92s
2023.07.05 13:19:20 INFO  time: code lens generation in 2.44s
2023.07.05 13:19:20 INFO  time: code lens generation in 2.9s
2023.07.05 13:19:20 INFO  time: code lens generation in 7.91s
2023.07.05 13:19:20 INFO  time: code lens generation in 2.94s
2023.07.05 13:19:27 WARN  no build target for: C:\Users\Thamara Lakshan\Documents\scala lab 4\1.scala
2023.07.05 13:19:27 WARN  no build target for: C:\Users\Thamara Lakshan\Documents\scala lab 4\1.scala
2023.07.05 13:19:28 WARN  no build target for: C:\Users\Thamara Lakshan\Documents\scala lab 4\1.scala
2023.07.05 13:19:29 WARN  no build target for: C:\Users\Thamara Lakshan\Documents\scala lab 4\1.scala
2023.07.05 13:19:29 WARN  no build target for: C:\Users\Thamara Lakshan\Documents\scala lab 4\1.scala
2023.07.05 13:19:29 WARN  no build target for: C:\Users\Thamara Lakshan\Documents\scala lab 4\1.scala
2023.07.05 13:19:30 WARN  no build target for: C:\Users\Thamara Lakshan\Documents\scala lab 4\1.scala
2023.07.05 13:19:30 WARN  no build target for: C:\Users\Thamara Lakshan\Documents\scala lab 4\1.scala
2023.07.05 13:19:32 WARN  no build target for: C:\Users\Thamara Lakshan\Documents\scala lab 4\1.scala
2023.07.05 13:19:32 WARN  no build target for: C:\Users\Thamara Lakshan\Documents\scala lab 4\1.scala
2023.07.05 13:19:40 WARN  no build target for: C:\Users\Thamara Lakshan\Documents\scala lab 4\1.scala
2023.07.05 13:19:50 WARN  no build target for: C:\Users\Thamara Lakshan\Documents\scala lab 4\1.scala
2023.07.05 13:19:50 WARN  no build target for: C:\Users\Thamara Lakshan\Documents\scala lab 4\1.scala
2023.07.05 13:19:51 WARN  no build target for: C:\Users\Thamara Lakshan\Documents\scala lab 4\1.scala
2023.07.05 13:19:52 WARN  no build target for: C:\Users\Thamara Lakshan\Documents\scala lab 4\1.scala
2023.07.05 13:19:53 WARN  no build target for: C:\Users\Thamara Lakshan\Documents\scala lab 4\1.scala
2023.07.05 13:19:54 WARN  no build target for: C:\Users\Thamara Lakshan\Documents\scala lab 4\1.scala
2023.07.05 13:19:54 WARN  no build target for: C:\Users\Thamara Lakshan\Documents\scala lab 4\1.scala
2023.07.05 13:19:54 WARN  no build target for: C:\Users\Thamara Lakshan\Documents\scala lab 4\1.scala
2023.07.05 13:19:55 WARN  no build target for: C:\Users\Thamara Lakshan\Documents\scala lab 4\1.scala
2023.07.05 13:19:55 WARN  no build target for: C:\Users\Thamara Lakshan\Documents\scala lab 4\1.scala
2023.07.05 13:20:11 WARN  no build target for: C:\Users\Thamara Lakshan\Documents\scala lab 4\2.scala
2023.07.05 13:20:28 INFO  Shutting down server
2023.07.05 13:20:28 INFO  shutting down Metals
2023.07.05 13:20:28 INFO  Exiting server
